<?xml version="1.0" encoding="UTF-8"?>
<testng-results skipped="0" failed="0" total="2" passed="2">
  <reporter-output>
  </reporter-output>
  <suite name="Default suite" duration-ms="45132" started-at="2017-08-05T21:48:07Z" finished-at="2017-08-05T21:48:52Z">
    <groups>
    </groups>
    <test name="Default test" duration-ms="45132" started-at="2017-08-05T21:48:07Z" finished-at="2017-08-05T21:48:52Z">
      <class name="tests.PageNavigationTestCases">
        <test-method status="PASS" signature="setup()[pri:0, instance:tests.PageNavigationTestCases@224edc67]" name="setup" is-config="true" duration-ms="11217" started-at="2017-08-05T17:48:07Z" finished-at="2017-08-05T17:48:19Z">
          <reporter-output>
          </reporter-output>
        </test-method> <!-- setup -->
        <test-method status="PASS" signature="newsRoomPageVerification()[pri:0, instance:tests.PageNavigationTestCases@224edc67]" name="newsRoomPageVerification" duration-ms="15475" started-at="2017-08-05T17:48:19Z" finished-at="2017-08-05T17:48:34Z">
          <reporter-output>
          </reporter-output>
        </test-method> <!-- newsRoomPageVerification -->
        <test-method status="PASS" signature="close()[pri:0, instance:tests.PageNavigationTestCases@224edc67]" name="close" is-config="true" duration-ms="193" started-at="2017-08-05T17:48:34Z" finished-at="2017-08-05T17:48:34Z">
          <reporter-output>
          </reporter-output>
        </test-method> <!-- close -->
        <test-method status="PASS" signature="setup()[pri:0, instance:tests.PageNavigationTestCases@224edc67]" name="setup" is-config="true" duration-ms="6514" started-at="2017-08-05T17:48:34Z" finished-at="2017-08-05T17:48:41Z">
          <reporter-output>
          </reporter-output>
        </test-method> <!-- setup -->
        <test-method status="PASS" signature="requestInfoPageVerification()[pri:0, instance:tests.PageNavigationTestCases@224edc67]" name="requestInfoPageVerification" duration-ms="11335" started-at="2017-08-05T17:48:41Z" finished-at="2017-08-05T17:48:52Z">
          <reporter-output>
          </reporter-output>
        </test-method> <!-- requestInfoPageVerification -->
        <test-method status="PASS" signature="close()[pri:0, instance:tests.PageNavigationTestCases@224edc67]" name="close" is-config="true" duration-ms="201" started-at="2017-08-05T17:48:52Z" finished-at="2017-08-05T17:48:52Z">
          <reporter-output>
          </reporter-output>
        </test-method> <!-- close -->
      </class> <!-- tests.PageNavigationTestCases -->
    </test> <!-- Default test -->
  </suite> <!-- Default suite -->
</testng-results>
